[debug] [2018-10-17T11:47:40.459Z] ----------------------------------------------------------------------
[debug] [2018-10-17T11:47:40.462Z] Command:       C:\Program Files\nodejs\node.exe C:\Users\67563387\AppData\Roaming\npm\node_modules\firebase-tools\bin\firebase serve
[debug] [2018-10-17T11:47:40.462Z] CLI Version:   5.1.1
[debug] [2018-10-17T11:47:40.462Z] Platform:      win32
[debug] [2018-10-17T11:47:40.462Z] Node Version:  v8.11.4
[debug] [2018-10-17T11:47:40.464Z] Time:          Wed Oct 17 2018 13:47:40 GMT+0200 (Hora de verano romance)
[debug] [2018-10-17T11:47:40.464Z] ----------------------------------------------------------------------
[debug] 
[debug] [2018-10-17T11:47:40.481Z] > command requires scopes: ["email","openid","https://www.googleapis.com/auth/cloudplatformprojects.readonly","https://www.googleapis.com/auth/firebase","https://www.googleapis.com/auth/cloud-platform"]
[debug] [2018-10-17T11:47:40.482Z] > authorizing via signed-in user
[debug] [2018-10-17T11:47:40.482Z] [iam] checking project spacycopy for permissions ["firebase.projects.get"]
[debug] [2018-10-17T11:47:40.484Z] >>> HTTP REQUEST POST https://cloudresourcemanager.googleapis.com/v1/projects/spacycopy:testIamPermissions  

[debug] [2018-10-17T11:47:41.336Z] <<< HTTP RESPONSE 200
[debug] [2018-10-17T11:47:41.337Z] >>> HTTP REQUEST GET https://cloudresourcemanager.googleapis.com/v1/projects/spacycopy  
 
[debug] [2018-10-17T11:47:42.176Z] <<< HTTP RESPONSE 200
[info] 
[info] === Serving from 'C:\Users\67563387\Desktop\spacesWorkshop'...
[info] 
[info] i  functions: Preparing to emulate functions.
[debug] [2018-10-17T11:47:43.149Z] Fetching environment
[debug] [2018-10-17T11:47:43.152Z] >>> HTTP REQUEST GET https://mobilesdk-pa.googleapis.com/v1/projects/611151714074:getServerAppConfig  
 
[debug] [2018-10-17T11:47:43.465Z] <<< HTTP RESPONSE 200
[debug] [2018-10-17T11:47:43.466Z] Starting @google-cloud/functions-emulator
[debug] [2018-10-17T11:47:46.712Z] Parsing function triggers
[info] +  functions: webhook: http://localhost:5000/spacycopy/us-central1/webhook
